2024-10-26 14:33:22,680 [INFO] Activator:176 - 


2024-10-26 14:33:22,691 [INFO] Activator:177 - !SESSION log4j initialized
2024-10-26 14:33:28,472 [INFO] LogOutputStream:77 - [STDOUT_REDIRECT] 
2024-10-26 14:33:30,301 [INFO] ApplicationProperties:184 - Using Application install path: C:\ST\STM32CubeIDE_1.16.0\STM32CubeIDE\plugins\com.st.stm32cube.common.mx_6.12.1.202409122256
2024-10-26 14:33:30,316 [INFO] DbMcusXml:78 - Set database path to: C:\ST\STM32CubeIDE_1.16.0\STM32CubeIDE\plugins\com.st.stm32cube.common.mx_6.12.1.202409122256\\db\/mcu/
2024-10-26 14:33:30,317 [INFO] ApiDb:274 - Set plugin database path to: C:\ST\STM32CubeIDE_1.16.0\STM32CubeIDE\plugins\com.st.stm32cube.common.mx_6.12.1.202409122256\\db\/plugins/boardmanager/
2024-10-26 14:33:30,317 [WARN] ApiDb:259 - Overriding images path with different value:  => C:\ST\STM32CubeIDE_1.16.0\STM32CubeIDE\plugins\com.st.stm32cube.common.mx_6.12.1.202409122256\\db\/plugins/mcufinder/images/
2024-10-26 14:33:30,333 [INFO] ApiDb:250 - Set database path to: C:\Users\kunfu\.stmcufinder\plugins\mcufinder//mcu/
2024-10-26 14:33:30,334 [INFO] DbMcusAds:125 - Set database path to: C:\Users\kunfu\.stmcufinder\plugins\mcufinder//mcu/
2024-10-26 14:33:30,336 [INFO] CrossReferenceDbSqlite:203 - Set database path to: C:\Users\kunfu\.stmcufinder\plugins\mcufinder//mcu/cs/
2024-10-26 14:33:30,464 [INFO] RulesReader:64 - Compatibility file has been processed (297 Rules)
2024-10-26 14:33:30,563 [INFO] DbMcusXml:78 - Set database path to: C:\ST\STM32CubeIDE_1.16.0\STM32CubeIDE\plugins\com.st.stm32cube.common.mx_6.12.1.202409122256\\db\/mcu/
2024-10-26 14:33:30,563 [INFO] ApiDb:274 - Set plugin database path to: C:\ST\STM32CubeIDE_1.16.0\STM32CubeIDE\plugins\com.st.stm32cube.common.mx_6.12.1.202409122256\\db\/plugins/boardmanager/
2024-10-26 14:33:30,563 [INFO] ApiDb:261 - Set plugin images path to: C:\ST\STM32CubeIDE_1.16.0\STM32CubeIDE\plugins\com.st.stm32cube.common.mx_6.12.1.202409122256\\db\/plugins/mcufinder/images/
2024-10-26 14:33:30,564 [WARN] DbFile:41 - Overriding database path with different value: C:\Users\kunfu\.stmcufinder\plugins\mcufinder/ => C:\Users\kunfu\.stmcufinder\plugins\mcufinder
2024-10-26 14:33:30,564 [INFO] ApiDb:250 - Set database path to: C:\Users\kunfu\.stmcufinder\plugins\mcufinder//mcu/
2024-10-26 14:33:30,564 [WARN] DbFile:41 - Overriding database path with different value: C:\Users\kunfu\.stmcufinder\plugins\mcufinder/ => C:\Users\kunfu\.stmcufinder\plugins\mcufinder
2024-10-26 14:33:30,564 [INFO] DbMcusAds:125 - Set database path to: C:\Users\kunfu\.stmcufinder\plugins\mcufinder//mcu/
2024-10-26 14:33:30,564 [WARN] DbFile:41 - Overriding database path with different value: C:\Users\kunfu\.stmcufinder\plugins\mcufinder/ => C:\Users\kunfu\.stmcufinder\plugins\mcufinder
2024-10-26 14:33:30,564 [WARN] DbFile:41 - Overriding database path with different value: C:\Users\kunfu\.stmcufinder\plugins\mcufinder/ => C:\Users\kunfu\.stmcufinder\plugins\mcufinder
2024-10-26 14:33:30,564 [INFO] CrossReferenceDbSqlite:203 - Set database path to: C:\Users\kunfu\.stmcufinder\plugins\mcufinder//mcu/cs/
2024-10-26 14:33:30,677 [INFO] MainPanel:268 - HeapMemory: 268435456
2024-10-26 14:33:30,982 [INFO] DbMcusXml:78 - Set database path to: C:\ST\STM32CubeIDE_1.16.0\STM32CubeIDE\plugins\com.st.stm32cube.common.mx_6.12.1.202409122256\\db\/mcu/
2024-10-26 14:33:30,983 [INFO] ApiDb:274 - Set plugin database path to: C:\ST\STM32CubeIDE_1.16.0\STM32CubeIDE\plugins\com.st.stm32cube.common.mx_6.12.1.202409122256\\db\/plugins/boardmanager/
2024-10-26 14:33:30,983 [INFO] ApiDb:261 - Set plugin images path to: C:\ST\STM32CubeIDE_1.16.0\STM32CubeIDE\plugins\com.st.stm32cube.common.mx_6.12.1.202409122256\\db\/plugins/mcufinder/images/
2024-10-26 14:33:30,983 [WARN] DbFile:41 - Overriding database path with different value: C:\Users\kunfu\.stmcufinder\plugins\mcufinder/ => C:\Users\kunfu\.stmcufinder\plugins\mcufinder
2024-10-26 14:33:30,983 [INFO] ApiDb:250 - Set database path to: C:\Users\kunfu\.stmcufinder\plugins\mcufinder//mcu/
2024-10-26 14:33:30,983 [WARN] DbFile:41 - Overriding database path with different value: C:\Users\kunfu\.stmcufinder\plugins\mcufinder/ => C:\Users\kunfu\.stmcufinder\plugins\mcufinder
2024-10-26 14:33:30,984 [INFO] DbMcusAds:125 - Set database path to: C:\Users\kunfu\.stmcufinder\plugins\mcufinder//mcu/
2024-10-26 14:33:30,984 [WARN] DbFile:41 - Overriding database path with different value: C:\Users\kunfu\.stmcufinder\plugins\mcufinder/ => C:\Users\kunfu\.stmcufinder\plugins\mcufinder
2024-10-26 14:33:30,984 [WARN] DbFile:41 - Overriding database path with different value: C:\Users\kunfu\.stmcufinder\plugins\mcufinder/ => C:\Users\kunfu\.stmcufinder\plugins\mcufinder
2024-10-26 14:33:30,984 [INFO] CrossReferenceDbSqlite:203 - Set database path to: C:\Users\kunfu\.stmcufinder\plugins\mcufinder//mcu/cs/
2024-10-26 14:33:31,003 [INFO] ApplicationProperties:184 - Using Application install path: C:\ST\STM32CubeIDE_1.16.0\STM32CubeIDE\plugins\com.st.stm32cube.common.mx_6.12.1.202409122256
2024-10-26 14:33:31,005 [INFO] PluginManage:196 - Search for loadable plugins [exclusion list=, ]
2024-10-26 14:33:31,006 [INFO] PluginManage:310 - Check plugin analytics
2024-10-26 14:33:31,237 [INFO] AnalyticsPlugin:253 - Accepted Software Licenses: 
2024-10-26 14:33:31,238 [INFO] AnalyticsPlugin:255 - Accepted CMSIS Pack Licenses: 
2024-10-26 14:33:31,238 [INFO] AnalyticsPlugin:257 - Accepted Firmware Licenses: FW.L4.1.18.0
2024-10-26 14:33:31,241 [INFO] PluginManage:359 - Loaded plugin analytics (category:tool,tabindex:-1)
2024-10-26 14:33:31,242 [INFO] PluginManage:310 - Check plugin cadmodel
2024-10-26 14:33:31,257 [INFO] CADModel:105 - Init CAD model plugin
2024-10-26 14:33:31,258 [INFO] PluginManage:359 - Loaded plugin cadmodel (category:power,tabindex:5)
2024-10-26 14:33:31,258 [INFO] PluginManage:310 - Check plugin clock
2024-10-26 14:33:31,281 [INFO] PluginManage:359 - Loaded plugin clock (category:base,tabindex:2)
2024-10-26 14:33:31,282 [INFO] PluginManage:310 - Check plugin ddr
2024-10-26 14:33:31,285 [INFO] PluginManage:359 - Loaded plugin ddr (category:tool,tabindex:6)
2024-10-26 14:33:31,285 [INFO] PluginManage:310 - Check plugin filemanager
2024-10-26 14:33:31,473 [INFO] PluginManage:359 - Loaded plugin filemanager (category:base,tabindex:10)
2024-10-26 14:33:31,474 [INFO] PluginManage:310 - Check plugin ipmanager
2024-10-26 14:33:31,480 [INFO] PluginManage:359 - Loaded plugin ipmanager (category:base,tabindex:5)
2024-10-26 14:33:31,480 [INFO] PluginManage:310 - Check plugin lpbam
2024-10-26 14:33:31,821 [INFO] PluginManage:359 - Loaded plugin lpbam (category:base,tabindex:0)
2024-10-26 14:33:31,821 [INFO] PluginManage:310 - Check plugin memorymap
2024-10-26 14:33:32,154 [INFO] PluginManage:359 - Loaded plugin memorymap (category:base,tabindex:4)
2024-10-26 14:33:32,154 [INFO] PluginManage:310 - Check plugin pinoutandconfiguration
2024-10-26 14:33:32,191 [INFO] PluginManage:359 - Loaded plugin pinoutandconfiguration (category:base,tabindex:1)
2024-10-26 14:33:32,192 [INFO] PluginManage:310 - Check plugin pinoutconfig
2024-10-26 14:33:32,311 [WARN] SupportedApi:132 - Cannot load RTOS API schema: s4s-elt-must-match.1: The content of 'definitions' must match (annotation?, (simpleType | complexType)?, (unique | key | keyref)*)). A problem was found starting at: attribute.
2024-10-26 14:33:32,449 [INFO] PluginManage:359 - Loaded plugin pinoutconfig (category:base,tabindex:0)
2024-10-26 14:33:32,449 [INFO] PluginManage:310 - Check plugin power
2024-10-26 14:33:32,488 [INFO] PluginManage:359 - Loaded plugin power (category:power,tabindex:4)
2024-10-26 14:33:32,488 [INFO] PluginManage:310 - Check plugin projectmanager
2024-10-26 14:33:32,510 [INFO] PluginManage:359 - Loaded plugin projectmanager (category:projectmanager,tabindex:4)
2024-10-26 14:33:32,510 [INFO] PluginManage:310 - Check plugin rif
2024-10-26 14:33:32,521 [INFO] PluginManage:359 - Loaded plugin rif (category:base,tabindex:3)
2024-10-26 14:33:32,521 [INFO] PluginManage:310 - Check plugin thirdparty
2024-10-26 14:33:32,866 [WARN] IntegrityCheckThread:84 - waiting for thirdparty lock release [integrity check]
2024-10-26 14:33:32,866 [INFO] IntegrityCheckThread:86 - entering critical section [integrity check]
2024-10-26 14:33:32,866 [INFO] PluginManage:359 - Loaded plugin thirdparty (category:base,tabindex:-1)
2024-10-26 14:33:32,867 [INFO] PluginManage:310 - Check plugin tools
2024-10-26 14:33:32,867 [INFO] ThirdPartyUpdaterWithRetryManager:70 - Updater plugin not ready yet. [1/15]
2024-10-26 14:33:32,908 [INFO] PluginManage:359 - Loaded plugin tools (category:base,tabindex:7)
2024-10-26 14:33:32,908 [INFO] PluginManage:310 - Check plugin tutovideos
2024-10-26 14:33:33,258 [INFO] PluginManage:359 - Loaded plugin tutovideos (category:base,tabindex:-1)
2024-10-26 14:33:33,259 [INFO] PluginManage:310 - Check plugin updater
2024-10-26 14:33:33,274 [INFO] PluginManage:359 - Loaded plugin updater (category:base,tabindex:12)
2024-10-26 14:33:33,275 [INFO] PluginManage:310 - Check plugin userauth
2024-10-26 14:33:33,282 [INFO] UserAuth:113 - Init User Auth plugin
2024-10-26 14:33:33,282 [INFO] PluginManage:359 - Loaded plugin userauth (category:base,tabindex:14)
2024-10-26 14:33:33,282 [INFO] PluginManage:283 - PluginManage : Loaded plugins [18]
2024-10-26 14:33:33,518 [INFO] PinOutPanel:1561 - setPackage(No Configuration,No Configuration)
2024-10-26 14:33:33,649 [INFO] CADModel:165 - CPN selected for project level
2024-10-26 14:33:33,649 [INFO] CADModel:114 - Register for checkConnection events
2024-10-26 14:33:33,770 [INFO] IPUIPlugin:80 - create IPUIPlugin
2024-10-26 14:33:33,771 [INFO] PluginManager:220 - loadIPPluginJar : add adc
2024-10-26 14:33:33,806 [INFO] IPUIPlugin:80 - create IPUIPlugin
2024-10-26 14:33:33,806 [INFO] PluginManager:220 - loadIPPluginJar : add aes
2024-10-26 14:33:33,847 [INFO] IPUIPlugin:80 - create IPUIPlugin
2024-10-26 14:33:33,848 [INFO] PluginManager:220 - loadIPPluginJar : add can
2024-10-26 14:33:33,872 [INFO] IPUIPlugin:80 - create IPUIPlugin
2024-10-26 14:33:33,873 [INFO] PluginManager:220 - loadIPPluginJar : add comp
2024-10-26 14:33:33,908 [INFO] IPUIPlugin:80 - create IPUIPlugin
2024-10-26 14:33:33,908 [INFO] PluginManager:220 - loadIPPluginJar : add cryp
2024-10-26 14:33:33,923 [INFO] IPUIPlugin:80 - create IPUIPlugin
2024-10-26 14:33:33,923 [INFO] PluginManager:220 - loadIPPluginJar : add ddr_ctrl_phy
2024-10-26 14:33:33,960 [INFO] IPUIPlugin:80 - create IPUIPlugin
2024-10-26 14:33:33,960 [INFO] PluginManager:220 - loadIPPluginJar : add dfsdm
2024-10-26 14:33:34,056 [INFO] IPUIPlugin:80 - create IPUIPlugin
2024-10-26 14:33:34,057 [INFO] PluginManager:220 - loadIPPluginJar : add dma
2024-10-26 14:33:34,107 [INFO] IPUIPlugin:80 - create IPUIPlugin
2024-10-26 14:33:34,107 [INFO] PluginManager:220 - loadIPPluginJar : add dma3
2024-10-26 14:33:34,152 [INFO] IPUIPlugin:80 - create IPUIPlugin
2024-10-26 14:33:34,152 [INFO] PluginManager:220 - loadIPPluginJar : add extmemmanager
2024-10-26 14:33:34,182 [INFO] IPUIPlugin:80 - create IPUIPlugin
2024-10-26 14:33:34,183 [INFO] PluginManager:220 - loadIPPluginJar : add fatfs
2024-10-26 14:33:34,229 [INFO] IPUIPlugin:80 - create IPUIPlugin
2024-10-26 14:33:34,229 [INFO] PluginManager:220 - loadIPPluginJar : add fmc
2024-10-26 14:33:34,249 [INFO] IPUIPlugin:80 - create IPUIPlugin
2024-10-26 14:33:34,250 [INFO] PluginManager:220 - loadIPPluginJar : add freertos
2024-10-26 14:33:34,274 [INFO] IPUIPlugin:80 - create IPUIPlugin
2024-10-26 14:33:34,274 [INFO] PluginManager:220 - loadIPPluginJar : add genericplugin
2024-10-26 14:33:34,366 [INFO] IPUIPlugin:80 - create IPUIPlugin
2024-10-26 14:33:34,366 [INFO] PluginManager:220 - loadIPPluginJar : add gfxmmu
2024-10-26 14:33:34,492 [INFO] IPUIPlugin:80 - create IPUIPlugin
2024-10-26 14:33:34,492 [INFO] PluginManager:220 - loadIPPluginJar : add gic
2024-10-26 14:33:34,734 [INFO] IPUIPlugin:80 - create IPUIPlugin
2024-10-26 14:33:34,734 [INFO] PluginManager:220 - loadIPPluginJar : add gpio
2024-10-26 14:33:34,817 [INFO] IPUIPlugin:80 - create IPUIPlugin
2024-10-26 14:33:34,818 [INFO] PluginManager:220 - loadIPPluginJar : add gtzc
2024-10-26 14:33:34,853 [INFO] IPUIPlugin:80 - create IPUIPlugin
2024-10-26 14:33:34,854 [INFO] PluginManager:220 - loadIPPluginJar : add hash
2024-10-26 14:33:34,906 [INFO] IPUIPlugin:80 - create IPUIPlugin
2024-10-26 14:33:34,906 [INFO] PluginManager:220 - loadIPPluginJar : add i2c
2024-10-26 14:33:34,947 [INFO] IPUIPlugin:80 - create IPUIPlugin
2024-10-26 14:33:34,948 [INFO] PluginManager:220 - loadIPPluginJar : add i2s
2024-10-26 14:33:34,990 [INFO] IPUIPlugin:80 - create IPUIPlugin
2024-10-26 14:33:34,991 [INFO] PluginManager:220 - loadIPPluginJar : add i3c
2024-10-26 14:33:35,065 [INFO] IPUIPlugin:80 - create IPUIPlugin
2024-10-26 14:33:35,065 [INFO] PluginManager:220 - loadIPPluginJar : add ipddr
2024-10-26 14:33:35,159 [INFO] IPUIPlugin:80 - create IPUIPlugin
2024-10-26 14:33:35,159 [INFO] PluginManager:220 - loadIPPluginJar : add linkedlist
2024-10-26 14:33:35,201 [INFO] IPUIPlugin:80 - create IPUIPlugin
2024-10-26 14:33:35,202 [INFO] PluginManager:220 - loadIPPluginJar : add lorawan
2024-10-26 14:33:35,239 [INFO] IPUIPlugin:80 - create IPUIPlugin
2024-10-26 14:33:35,239 [INFO] PluginManager:220 - loadIPPluginJar : add ltdc
2024-10-26 14:33:35,436 [INFO] IPUIPlugin:80 - create IPUIPlugin
2024-10-26 14:33:35,437 [INFO] PluginManager:220 - loadIPPluginJar : add mdma
2024-10-26 14:33:35,679 [INFO] IPUIPlugin:80 - create IPUIPlugin
2024-10-26 14:33:35,680 [INFO] PluginManager:220 - loadIPPluginJar : add nvic
2024-10-26 14:33:35,730 [INFO] IPUIPlugin:80 - create IPUIPlugin
2024-10-26 14:33:35,731 [INFO] PluginManager:220 - loadIPPluginJar : add opamp
2024-10-26 14:33:35,795 [INFO] IPUIPlugin:80 - create IPUIPlugin
2024-10-26 14:33:35,796 [INFO] PluginManager:220 - loadIPPluginJar : add openamp
2024-10-26 14:33:35,841 [INFO] IPUIPlugin:80 - create IPUIPlugin
2024-10-26 14:33:35,841 [INFO] PluginManager:220 - loadIPPluginJar : add pdm2pcm
2024-10-26 14:33:35,870 [INFO] ThirdPartyUpdaterWithRetryManager:70 - Updater plugin not ready yet. [2/15]
2024-10-26 14:33:36,003 [INFO] IPUIPlugin:80 - create IPUIPlugin
2024-10-26 14:33:36,006 [INFO] PluginManager:220 - loadIPPluginJar : add plateformsettings
2024-10-26 14:33:36,041 [INFO] IPUIPlugin:80 - create IPUIPlugin
2024-10-26 14:33:36,042 [INFO] PluginManager:220 - loadIPPluginJar : add quadspi
2024-10-26 14:33:36,071 [INFO] IPUIPlugin:80 - create IPUIPlugin
2024-10-26 14:33:36,074 [INFO] PluginManager:220 - loadIPPluginJar : add radio
2024-10-26 14:33:36,094 [INFO] IPUIPlugin:80 - create IPUIPlugin
2024-10-26 14:33:36,094 [INFO] PluginManager:220 - loadIPPluginJar : add resmgrutility
2024-10-26 14:33:36,137 [INFO] IPUIPlugin:80 - create IPUIPlugin
2024-10-26 14:33:36,137 [INFO] PluginManager:220 - loadIPPluginJar : add sai
2024-10-26 14:33:36,178 [INFO] IPUIPlugin:80 - create IPUIPlugin
2024-10-26 14:33:36,179 [INFO] PluginManager:220 - loadIPPluginJar : add spi
2024-10-26 14:33:36,245 [INFO] IPUIPlugin:80 - create IPUIPlugin
2024-10-26 14:33:36,246 [INFO] PluginManager:220 - loadIPPluginJar : add stm32_wpan
2024-10-26 14:33:36,272 [INFO] IPUIPlugin:80 - create IPUIPlugin
2024-10-26 14:33:36,272 [INFO] PluginManager:220 - loadIPPluginJar : add tim
2024-10-26 14:33:36,331 [INFO] IPUIPlugin:80 - create IPUIPlugin
2024-10-26 14:33:36,331 [INFO] PluginManager:220 - loadIPPluginJar : add touchsensing
2024-10-26 14:33:36,359 [INFO] IPUIPlugin:80 - create IPUIPlugin
2024-10-26 14:33:36,360 [INFO] PluginManager:220 - loadIPPluginJar : add tracer_emb
2024-10-26 14:33:36,386 [INFO] IPUIPlugin:80 - create IPUIPlugin
2024-10-26 14:33:36,386 [INFO] PluginManager:220 - loadIPPluginJar : add ts
2024-10-26 14:33:36,416 [INFO] IPUIPlugin:80 - create IPUIPlugin
2024-10-26 14:33:36,416 [INFO] PluginManager:220 - loadIPPluginJar : add tsc
2024-10-26 14:33:36,451 [INFO] IPUIPlugin:80 - create IPUIPlugin
2024-10-26 14:33:36,451 [INFO] PluginManager:220 - loadIPPluginJar : add ucpd
2024-10-26 14:33:36,508 [INFO] IPUIPlugin:80 - create IPUIPlugin
2024-10-26 14:33:36,509 [INFO] PluginManager:220 - loadIPPluginJar : add usart
2024-10-26 14:33:36,553 [INFO] IPUIPlugin:80 - create IPUIPlugin
2024-10-26 14:33:36,553 [INFO] PluginManager:220 - loadIPPluginJar : add usbx
2024-10-26 14:33:36,713 [INFO] CADModel:165 - CPN selected for project level
2024-10-26 14:33:36,713 [INFO] CADModel:114 - Register for checkConnection events
2024-10-26 14:33:36,714 [FATAL] Updater:334 - Updater called before beeing initialized
2024-10-26 14:33:36,714 [ERROR] CADModel:125 - Updater not yet initialized, retry later 
2024-10-26 14:33:36,910 [INFO] CADModel:165 - CPN selected for project level
2024-10-26 14:33:36,910 [INFO] CADModel:114 - Register for checkConnection events
2024-10-26 14:33:36,910 [FATAL] Updater:334 - Updater called before beeing initialized
2024-10-26 14:33:36,910 [ERROR] CADModel:125 - Updater not yet initialized, retry later 
2024-10-26 14:33:36,913 [FATAL] Updater:334 - Updater called before beeing initialized
2024-10-26 14:33:37,032 [FATAL] Updater:334 - Updater called before beeing initialized
2024-10-26 14:33:37,049 [INFO] DbMcusAds:53 - JSON generation date=Fri Sep 20 18:34:38 IST 2024 (1726837478367)
2024-10-26 14:33:37,050 [FATAL] Updater:334 - Updater called before beeing initialized
2024-10-26 14:33:37,295 [WARN] DetailPanel:346 - Failed to get advertising image, set to default
2024-10-26 14:33:37,419 [FATAL] Updater:334 - Updater called before beeing initialized
2024-10-26 14:33:37,421 [FATAL] Updater:334 - Updater called before beeing initialized
2024-10-26 14:33:37,421 [FATAL] Updater:334 - Updater called before beeing initialized
2024-10-26 14:33:37,421 [WARN] DetailPanel:346 - Failed to get advertising image, set to default
2024-10-26 14:33:37,422 [FATAL] Updater:334 - Updater called before beeing initialized
2024-10-26 14:33:37,489 [ERROR] Updater:1164 - MainUpdater not yet initialized. External WinMGr cannot be set.
2024-10-26 14:33:37,496 [INFO] Updater:1100 - Updater Version found : 6.12.1
2024-10-26 14:33:37,517 [INFO] ApplicationProperties:184 - Using Application install path: C:\ST\STM32CubeIDE_1.16.0\STM32CubeIDE\plugins\com.st.stm32cube.common.mx_6.12.1.202409122256
2024-10-26 14:33:38,870 [INFO] ThirdPartyUpdaterWithRetryManager:70 - Updater plugin not ready yet. [3/15]
2024-10-26 14:33:39,115 [ERROR] LogOutputStream:75 - [STDERR_REDIRECT] Oct 26, 2024 2:33:39 PM java.util.prefs.WindowsPreferences <init>
2024-10-26 14:33:39,118 [ERROR] LogOutputStream:75 - [STDERR_REDIRECT] WARNING: Could not open/create prefs root node Software\JavaSoft\Prefs at root 0xffffffff80000002. Windows RegCreateKeyEx(...) returned error code 5.
2024-10-26 14:33:39,118 [ERROR] LogOutputStream:75 - [STDERR_REDIRECT] 
2024-10-26 14:33:39,689 [INFO] MainUpdater:2873 - connection check result : 10
2024-10-26 14:33:39,691 [INFO] MainUpdater:3567 - Updater definition file requires update
2024-10-26 14:33:39,693 [INFO] MainUpdater:290 - Updater Check For Update Now.
2024-10-26 14:33:39,694 [INFO] MicroXplorer:498 - Change Database Version : DB.6.0.121
2024-10-26 14:33:39,712 [INFO] McuFinderGlobals:63 - Set McuFinder mode to 2 (CubeIDE integrated)
2024-10-26 14:33:39,718 [INFO] UserAuth:417 - Internet connection configuration mode: 1
2024-10-26 14:33:39,745 [INFO] JxBrowserEngine:152 - Initiate JxBrowser Engine with user profile folder
2024-10-26 14:33:39,784 [INFO] ServerAccessManage:473 - Download File updaters.zip
2024-10-26 14:33:39,858 [INFO] FileExtend:240 - Unzip File : updaters.zip
2024-10-26 14:33:39,858 [INFO] FileExtend:255 - Standard Zip Deflate
2024-10-26 14:33:40,353 [INFO] ServerAccessManage:473 - Download File PacksControlFlags.xml
2024-10-26 14:33:40,445 [INFO] ServerAccessManage:473 - Download File cubemx.pidx
2024-10-26 14:33:40,582 [INFO] LoadServerUpdatesThread:375 - End of LoadServerUpdate Thread
2024-10-26 14:33:40,760 [INFO] CheckServerUpdateThread:120 - End of CheckServer Thread
2024-10-26 14:33:42,228 [WARN] PackLoader:240 - Cannot read IP mode file for STMicroelectronics.FP-SNS-MOTENVWB1.1.4.0
2024-10-26 14:33:42,251 [WARN] PackLoader:240 - Cannot read IP mode file for STMicroelectronics.X-CUBE-SMBUS.2.1.0
2024-10-26 14:33:42,271 [WARN] PackLoader:240 - Cannot read IP mode file for STMicroelectronics.X-CUBE-WB05N.1.1.0
2024-10-26 14:33:42,339 [WARN] PackLoader:240 - Cannot read IP mode file for STMicroelectronics.X-CUBE-AZRTOS-F7.1.1.0
2024-10-26 14:33:42,446 [WARN] PackLoader:240 - Cannot read IP mode file for STMicroelectronics.X-CUBE-MEMS1.11.0.0
2024-10-26 14:33:42,711 [WARN] PackLoader:240 - Cannot read IP mode file for STMicroelectronics.FP-SNS-FLIGHT1.5.0.2
2024-10-26 14:33:42,737 [WARN] PackLoader:240 - Cannot read IP mode file for STMicroelectronics.X-CUBE-DISPLAY.3.0.0
2024-10-26 14:33:42,762 [WARN] PackLoader:240 - Cannot read IP mode file for STMicroelectronics.X-CUBE-BLE1.7.0.0
2024-10-26 14:33:42,782 [WARN] PackLoader:240 - Cannot read IP mode file for STMicroelectronics.X-CUBE-NFC10.1.0.0
2024-10-26 14:33:42,804 [WARN] PackLoader:240 - Cannot read IP mode file for emotas.I-CUBE-CANOPEN.1.3.0
2024-10-26 14:33:42,842 [WARN] PackLoader:240 - Cannot read IP mode file for STMicroelectronics.X-CUBE-BLEMGR.3.1.0
2024-10-26 14:33:42,870 [WARN] PackLoader:240 - Cannot read IP mode file for STMicroelectronics.FP-SNS-SMARTAG2.1.2.0
2024-10-26 14:33:42,999 [INFO] LogOutputStream:77 - [STDOUT_REDIRECT] 1 : Invalid condition id : UX_CORESTACK_Condition cause : null
2024-10-26 14:33:43,000 [INFO] LogOutputStream:77 - [STDOUT_REDIRECT] 1 : Invalid condition id : UX_CORESTACK_Condition cause : null
2024-10-26 14:33:43,003 [INFO] LogOutputStream:77 - [STDOUT_REDIRECT] 1 : Invalid condition id : UX_CORESTACK_Condition cause : null
2024-10-26 14:33:43,006 [INFO] LogOutputStream:77 - [STDOUT_REDIRECT] 1 : Invalid condition id : UX_CORESTACK_Condition cause : null
2024-10-26 14:33:43,008 [INFO] LogOutputStream:77 - [STDOUT_REDIRECT] 1 : Invalid condition id : UX_CORESTACK_Condition cause : null
2024-10-26 14:33:43,014 [WARN] PackLoader:240 - Cannot read IP mode file for STMicroelectronics.X-CUBE-AZRTOS-WL.2.0.0
2024-10-26 14:33:43,059 [WARN] PackLoader:240 - Cannot read IP mode file for STMicroelectronics.FP-SNS-MOTENV1.5.0.0
2024-10-26 14:33:43,077 [WARN] PackLoader:240 - Cannot read IP mode file for wolfSSL.I-CUBE-wolfMQTT.1.19.0
2024-10-26 14:33:43,101 [WARN] PackLoader:240 - Cannot read IP mode file for WES.I-CUBE-Cesium.1.3.0
2024-10-26 14:33:43,121 [WARN] PackLoader:240 - Cannot read IP mode file for STMicroelectronics.X-CUBE-BLE2.3.3.0
2024-10-26 14:33:43,144 [WARN] PackLoader:240 - Cannot read IP mode file for STMicroelectronics.X-CUBE-NFC9.1.0.0
2024-10-26 14:33:43,174 [WARN] PackLoader:240 - Cannot read IP mode file for STMicroelectronics.X-CUBE-TCPP.4.1.0
2024-10-26 14:33:43,229 [WARN] PackLoader:240 - Cannot read IP mode file for STMicroelectronics.X-CUBE-AZRTOS-G0.1.1.0
2024-10-26 14:33:43,257 [WARN] PackLoader:240 - Cannot read IP mode file for STMicroelectronics.X-CUBE-SAFEA1.1.2.2
2024-10-26 14:33:43,275 [WARN] PackLoader:240 - Cannot read IP mode file for STMicroelectronics.X-CUBE-NFC4.3.0.0
2024-10-26 14:33:43,288 [INFO] WebApp:167 - Instantiating new browser for Auth
2024-10-26 14:33:43,302 [WARN] PackLoader:240 - Cannot read IP mode file for EmbeddedOffice.I-CUBE-FS-RTOS.1.0.1
2024-10-26 14:33:43,302 [ERROR] ConditionMgr:805 - Attr not supported : Dmpu
2024-10-26 14:33:43,302 [ERROR] ConditionMgr:805 - Attr not supported : Dmpu
2024-10-26 14:33:43,302 [ERROR] ConditionMgr:805 - Attr not supported : Dmpu
2024-10-26 14:33:43,302 [ERROR] ConditionMgr:805 - Attr not supported : Dmpu
2024-10-26 14:33:43,302 [ERROR] ConditionMgr:805 - Attr not supported : Dmpu
2024-10-26 14:33:43,303 [ERROR] ConditionMgr:805 - Attr not supported : Dmpu
2024-10-26 14:33:43,303 [ERROR] ConditionMgr:805 - Attr not supported : Dmpu
2024-10-26 14:33:43,303 [ERROR] ConditionMgr:805 - Attr not supported : Dmpu
2024-10-26 14:33:43,303 [ERROR] ConditionMgr:805 - Attr not supported : Dmpu
2024-10-26 14:33:43,303 [ERROR] ConditionMgr:805 - Attr not supported : Dmpu
2024-10-26 14:33:43,303 [ERROR] ConditionMgr:805 - Attr not supported : Dmpu
2024-10-26 14:33:43,303 [ERROR] ConditionMgr:805 - Attr not supported : Dmpu
2024-10-26 14:33:43,303 [ERROR] ConditionMgr:805 - Attr not supported : Dmpu
2024-10-26 14:33:43,303 [ERROR] ConditionMgr:805 - Attr not supported : Dmpu
2024-10-26 14:33:43,303 [ERROR] ConditionMgr:805 - Attr not supported : Dmpu
2024-10-26 14:33:43,303 [ERROR] ConditionMgr:805 - Attr not supported : Dmpu
2024-10-26 14:33:43,303 [ERROR] ConditionMgr:805 - Attr not supported : Dmpu
2024-10-26 14:33:43,303 [ERROR] ConditionMgr:805 - Attr not supported : Dmpu
2024-10-26 14:33:43,304 [ERROR] ConditionMgr:805 - Attr not supported : Dmpu
2024-10-26 14:33:43,304 [ERROR] ConditionMgr:805 - Attr not supported : Dmpu
2024-10-26 14:33:43,304 [ERROR] ConditionMgr:805 - Attr not supported : Dmpu
2024-10-26 14:33:43,304 [ERROR] ConditionMgr:805 - Attr not supported : Dmpu
2024-10-26 14:33:43,304 [ERROR] ConditionMgr:805 - Attr not supported : Dmpu
2024-10-26 14:33:43,304 [ERROR] ConditionMgr:805 - Attr not supported : Dmpu
2024-10-26 14:33:43,304 [ERROR] ConditionMgr:805 - Attr not supported : Dmpu
2024-10-26 14:33:43,304 [ERROR] ConditionMgr:805 - Attr not supported : Dmpu
2024-10-26 14:33:43,304 [ERROR] ConditionMgr:805 - Attr not supported : Dmpu
2024-10-26 14:33:43,306 [ERROR] ConditionMgr:805 - Attr not supported : Dmpu
2024-10-26 14:33:43,306 [ERROR] ConditionMgr:805 - Attr not supported : Dmpu
2024-10-26 14:33:43,306 [ERROR] ConditionMgr:805 - Attr not supported : Dmpu
2024-10-26 14:33:43,306 [ERROR] ConditionMgr:805 - Attr not supported : Dmpu
2024-10-26 14:33:43,306 [ERROR] ConditionMgr:805 - Attr not supported : Dmpu
2024-10-26 14:33:43,306 [ERROR] ConditionMgr:805 - Attr not supported : Dmpu
2024-10-26 14:33:43,306 [ERROR] ConditionMgr:805 - Attr not supported : Dmpu
2024-10-26 14:33:43,306 [ERROR] ConditionMgr:805 - Attr not supported : Dmpu
2024-10-26 14:33:43,306 [ERROR] ConditionMgr:805 - Attr not supported : Dmpu
2024-10-26 14:33:43,306 [ERROR] ConditionMgr:805 - Attr not supported : Dmpu
2024-10-26 14:33:43,306 [ERROR] ConditionMgr:805 - Attr not supported : Dmpu
2024-10-26 14:33:43,306 [ERROR] ConditionMgr:805 - Attr not supported : Dmpu
2024-10-26 14:33:43,306 [ERROR] ConditionMgr:805 - Attr not supported : Dmpu
2024-10-26 14:33:43,307 [ERROR] ConditionMgr:805 - Attr not supported : Dmpu
2024-10-26 14:33:43,307 [ERROR] ConditionMgr:805 - Attr not supported : Dmpu
2024-10-26 14:33:43,307 [ERROR] ConditionMgr:805 - Attr not supported : Dmpu
2024-10-26 14:33:43,307 [ERROR] ConditionMgr:805 - Attr not supported : Dmpu
2024-10-26 14:33:43,307 [ERROR] ConditionMgr:805 - Attr not supported : Dmpu
2024-10-26 14:33:43,307 [ERROR] ConditionMgr:805 - Attr not supported : Dmpu
2024-10-26 14:33:43,307 [ERROR] ConditionMgr:805 - Attr not supported : Dmpu
2024-10-26 14:33:43,307 [ERROR] ConditionMgr:805 - Attr not supported : Dmpu
2024-10-26 14:33:43,307 [ERROR] ConditionMgr:805 - Attr not supported : Dmpu
2024-10-26 14:33:43,308 [ERROR] ConditionMgr:805 - Attr not supported : Dmpu
2024-10-26 14:33:43,308 [ERROR] ConditionMgr:805 - Attr not supported : Dmpu
2024-10-26 14:33:43,308 [ERROR] ConditionMgr:805 - Attr not supported : Dmpu
2024-10-26 14:33:43,308 [ERROR] ConditionMgr:805 - Attr not supported : Dmpu
2024-10-26 14:33:43,308 [ERROR] ConditionMgr:805 - Attr not supported : Dmpu
2024-10-26 14:33:43,308 [ERROR] ConditionMgr:805 - Attr not supported : Dmpu
2024-10-26 14:33:43,308 [ERROR] ConditionMgr:805 - Attr not supported : Dmpu
2024-10-26 14:33:43,308 [ERROR] ConditionMgr:805 - Attr not supported : Dmpu
2024-10-26 14:33:43,308 [ERROR] ConditionMgr:805 - Attr not supported : Dmpu
2024-10-26 14:33:43,309 [ERROR] ConditionMgr:805 - Attr not supported : Dmpu
2024-10-26 14:33:43,309 [ERROR] ConditionMgr:805 - Attr not supported : Dmpu
2024-10-26 14:33:43,309 [ERROR] ConditionMgr:805 - Attr not supported : Dmpu
2024-10-26 14:33:43,309 [ERROR] ConditionMgr:805 - Attr not supported : Dmpu
2024-10-26 14:33:43,309 [ERROR] ConditionMgr:805 - Attr not supported : Dmpu
2024-10-26 14:33:43,309 [ERROR] ConditionMgr:805 - Attr not supported : Dmpu
2024-10-26 14:33:43,334 [WARN] PackLoader:240 - Cannot read IP mode file for RealThread.X-CUBE-RT-Thread_Nano.4.1.1
2024-10-26 14:33:43,357 [WARN] PackLoader:240 - Cannot read IP mode file for STMicroelectronics.FP-ATR-SIGFOX1.3.2.0
2024-10-26 14:33:43,374 [WARN] PackLoader:240 - Cannot read IP mode file for wolfSSL.I-CUBE-wolfSSL.5.7.2
2024-10-26 14:33:43,392 [WARN] PackLoader:240 - Cannot read IP mode file for STMicroelectronics.X-CUBE-EEPRMA1.5.1.0
2024-10-26 14:33:43,411 [WARN] PackLoader:240 - Cannot read IP mode file for ITTIA_DB.I-CUBE-ITTIADB.8.9.0
2024-10-26 14:33:43,457 [WARN] PackLoader:240 - Cannot read IP mode file for SEGGER.I-CUBE-embOS.1.3.1
2024-10-26 14:33:43,544 [WARN] PackLoader:240 - Cannot read IP mode file for STMicroelectronics.X-CUBE-ALGOBUILD.1.4.0
2024-10-26 14:33:43,559 [WARN] PackLoader:240 - Cannot read IP mode file for STMicroelectronics.X-CUBE-AI.9.1.0
2024-10-26 14:33:43,581 [WARN] PackLoader:240 - Cannot read IP mode file for STMicroelectronics.X-CUBE-GNSS1.6.0.0
2024-10-26 14:33:43,627 [WARN] PackLoader:240 - Cannot read IP mode file for STMicroelectronics.X-CUBE-AZRTOS-F4.1.1.0
2024-10-26 14:33:43,644 [WARN] PackLoader:240 - Cannot read IP mode file for STMicroelectronics.X-CUBE-ISPU.2.1.0
2024-10-26 14:33:43,661 [WARN] PackLoader:240 - Cannot read IP mode file for STMicroelectronics.X-CUBE-FREERTOS.1.2.0
2024-10-26 14:33:43,703 [WARN] PackLoader:240 - Cannot read IP mode file for STMicroelectronics.X-CUBE-AZRTOS-L5.2.0.0
2024-10-26 14:33:43,724 [WARN] PackLoader:240 - Cannot read IP mode file for STMicroelectronics.X-CUBE-NFC6.3.1.0
2024-10-26 14:33:43,741 [WARN] PackLoader:240 - Cannot read IP mode file for STMicroelectronics.X-CUBE-DPower.1.2.0
2024-10-26 14:33:43,754 [WARN] PackLoader:240 - Cannot read IP mode file for STMicroelectronics.X-CUBE-AI.9.0.0
2024-10-26 14:33:43,769 [WARN] PackLoader:240 - Cannot read IP mode file for STMicroelectronics.X-CUBE-NFC7.1.0.1
2024-10-26 14:33:43,782 [WARN] PackLoader:240 - Cannot read IP mode file for wolfSSL.I-CUBE-wolfTPM.3.2.0
2024-10-26 14:33:43,824 [WARN] ConditionMgr:438 - getConditionDescription Invalid condition id : LAN8742 Phy interface Condition cause : null
2024-10-26 14:33:43,825 [WARN] PackLoader:240 - Cannot read IP mode file for STMicroelectronics.X-CUBE-AZRTOS-L4.2.0.0
2024-10-26 14:33:43,827 [WARN] ConditionMgr:1039 - genDependencies : Invalid condition id : LAN8742 Phy interface Condition cause : null
2024-10-26 14:33:43,828 [WARN] ConditionMgr:1039 - genDependencies : Invalid condition id : LAN8742 Phy interface Condition cause : null
2024-10-26 14:33:43,828 [WARN] ConditionMgr:1039 - genDependencies : Invalid condition id : LAN8742 Phy interface Condition cause : null
2024-10-26 14:33:43,847 [WARN] PackLoader:240 - Cannot read IP mode file for STMicroelectronics.X-CUBE-SFXS2LP1.4.0.0
2024-10-26 14:33:43,902 [WARN] PackLoader:240 - Cannot read IP mode file for STMicroelectronics.X-CUBE-AZRTOS-H7.3.3.0
2024-10-26 14:33:43,930 [WARN] PackLoader:240 - Cannot read IP mode file for STMicroelectronics.X-CUBE-IPS.3.0.0
2024-10-26 14:33:43,970 [WARN] ConditionMgr:438 - getConditionDescription Invalid condition id : UX DEVICE CLASS RTOS Condition cause : null
2024-10-26 14:33:43,971 [WARN] ConditionMgr:438 - getConditionDescription Invalid condition id : UX DEVICE CLASS RTOS Condition cause : null
2024-10-26 14:33:43,973 [WARN] PackLoader:240 - Cannot read IP mode file for STMicroelectronics.X-CUBE-AZRTOS-WB.2.0.0
2024-10-26 14:33:43,974 [WARN] ConditionMgr:1039 - genDependencies : Invalid condition id : UX DEVICE CLASS RTOS Condition cause : null
2024-10-26 14:33:43,974 [WARN] ConditionMgr:1039 - genDependencies : Invalid condition id : UX DEVICE CLASS RTOS Condition cause : null
2024-10-26 14:33:43,975 [WARN] ConditionMgr:1039 - genDependencies : Invalid condition id : UX DEVICE CLASS RTOS Condition cause : null
2024-10-26 14:33:43,975 [WARN] ConditionMgr:1039 - genDependencies : Invalid condition id : UX DEVICE CLASS RTOS Condition cause : null
2024-10-26 14:33:43,975 [WARN] ConditionMgr:1039 - genDependencies : Invalid condition id : UX DEVICE CLASS RTOS Condition cause : null
2024-10-26 14:33:43,985 [WARN] PackLoader:240 - Cannot read IP mode file for STMicroelectronics.X-CUBE-GNSS1.7.0.0
2024-10-26 14:33:44,002 [WARN] PackLoader:240 - Cannot read IP mode file for STMicroelectronics.FP-SNS-STBOX1.2.0.0
2024-10-26 14:33:44,035 [WARN] PackLoader:240 - Cannot read IP mode file for STMicroelectronics.X-CUBE-SUBG2.5.0.0
2024-10-26 14:33:44,061 [WARN] PackLoader:240 - Cannot read IP mode file for Cesanta.I-CUBE-Mongoose.7.13.0
2024-10-26 14:33:44,105 [WARN] PackLoader:240 - Cannot read IP mode file for STMicroelectronics.X-CUBE-AZRTOS-G4.2.0.0
2024-10-26 14:33:44,122 [WARN] PackLoader:240 - Cannot read IP mode file for STMicroelectronics.X-CUBE-ISPU.2.0.0
2024-10-26 14:33:44,137 [WARN] PackLoader:240 - Cannot read IP mode file for STMicroelectronics.X-CUBE-ALS.1.0.2
2024-10-26 14:33:44,214 [WARN] PackLoader:240 - Cannot read IP mode file for STMicroelectronics.X-CUBE-MEMS1.10.0.0
2024-10-26 14:33:44,352 [WARN] PackLoader:240 - Cannot read IP mode file for STMicroelectronics.X-CUBE-TOUCHGFX.4.24.0
2024-10-26 14:33:44,362 [WARN] PackLoader:240 - Cannot read IP mode file for STMicroelectronics.X-CUBE-TOUCHGFX.4.24.1
2024-10-26 14:33:44,381 [WARN] PackLoader:240 - Cannot read IP mode file for portGmbH.I-Cube-SoM-uGOAL.1.1.0
2024-10-26 14:33:44,429 [WARN] PackLoader:240 - Cannot read IP mode file for STMicroelectronics.X-CUBE-AZRTOS-H7RS.1.0.0
2024-10-26 14:33:44,475 [WARN] PackLoader:240 - Cannot read IP mode file for STMicroelectronics.FP-ATR-ASTRA1.2.0.0
2024-10-26 14:33:44,512 [WARN] PackLoader:240 - Cannot read IP mode file for STMicroelectronics.X-CUBE-TOF1.3.4.2
2024-10-26 14:33:44,581 [WARN] PackLoader:240 - Cannot read IP mode file for Infineon.AIROC-Wi-Fi-Bluetooth-STM32.1.6.1
2024-10-26 14:33:44,602 [WARN] PackLoader:240 - Cannot read IP mode file for wolfSSL.I-CUBE-wolfSSH.1.4.17
2024-10-26 14:33:44,604 [INFO] ThirdParty:978 - Integrity check success = true
2024-10-26 14:33:44,604 [INFO] IntegrityCheckThread:100 - exiting critical section [integrity check]
2024-10-26 14:33:44,604 [INFO] IntegrityCheckThread:103 - End integrity checks thread
2024-10-26 14:33:44,725 [INFO] WebApp:448 - Apply proxy settings
2024-10-26 14:33:44,726 [INFO] WebApp:533 - Chromium requires no authentication
2024-10-26 14:33:44,743 [INFO] WebApp:476 - Direct internet connection detected
2024-10-26 14:33:44,786 [INFO] WebApp:869 - Register for checkConnection events
2024-10-26 14:33:44,786 [INFO] WebApp:448 - Apply proxy settings
2024-10-26 14:33:44,786 [INFO] WebApp:533 - Chromium requires no authentication
2024-10-26 14:33:44,787 [INFO] WebApp:476 - Direct internet connection detected
2024-10-26 14:33:45,077 [INFO] WebApp:220 - Starting web application
2024-10-26 14:33:45,077 [INFO] WebApp:578 - Web application path used C:\ST\STM32CubeIDE_1.16.0\STM32CubeIDE\plugins\com.st.stm32cube.common.mx_6.12.1.202409122256\db\plugins\mcufinder\reactClient1\index.html
2024-10-26 14:33:45,197 [INFO] UserAuth:417 - Internet connection configuration mode: 1
2024-10-26 14:33:45,522 [INFO] WebApp:186 - Connection restablished
2024-10-26 15:17:52,002 [ERROR] LogOutputStream:75 - [STDERR_REDIRECT] 
